Terminals unused in grammar

   tFLOAT
   tCONST
   tRETURN


State 95 conflicts: 1 shift/reduce


Grammar

    0 $accept: S $end

    1 S: %empty
    2  | declarationVar S
    3  | declarationFun S

    4 declaration: tTYPE tVAR

    5 afcInDec: %empty
    6         | tEQ expression_alg

    7 declarationVar: declaration afcInDec var

    8 var: %empty
    9    | tCOMMA newVar afcInDec var

   10 newVar: tVAR

   11 value: tINT
   12      | call

   13 declarationFun: declaration tLEFTBRACKET params tRIGHTBRACKET body
   14               | tTYPE tMAIN tLEFTBRACKET params tRIGHTBRACKET body
   15               | declaration tLEFTBRACKET params tRIGHTBRACKET tSEMI

   16 params: %empty
   17       | declaration suiteparamsdecla
   18       | tVAR suiteparams
   19       | value suiteparams

   20 suiteparamsdecla: %empty
   21                 | declaration tCOMMA suiteparamsdecla

   22 suiteparams: %empty
   23            | tCOMMA tVAR suiteparams
   24            | tCOMMA value suiteparams

   25 body: tLEFTBRACE expressions tRIGHTBRACE

   26 expressions: expression tSEMI expressions
   27            | expression_if expressions
   28            | %empty

   29 expression: tVAR tEQ expression_alg
   30           | declarationVar
   31           | call

   32 expression_condition: expression_alg
   33                     | tLEFTBRACKET expression_condition tRIGHTBRACKET
   34                     | expression_alg t2EQ expression_alg
   35                     | tNOT expression_condition
   36                     | expression_alg tGREATER tEQ expression_alg
   37                     | expression_alg tLESS tEQ expression_alg
   38                     | expression_alg tGREATER expression_alg
   39                     | expression_alg tLESS expression_alg
   40                     | expression_alg tNOTEQ expression_alg
   41                     | expression_condition tAND expression_condition
   42                     | expression_condition tOR expression_condition

   43 expression_alg: expression_alg tADD expression_alg
   44               | expression_alg tMIN expression_alg
   45               | expression_alg tDIV expression_alg
   46               | expression_alg tMUL expression_alg
   47               | tLEFTBRACKET expression_alg tRIGHTBRACKET
   48               | value
   49               | tVAR

   50 call: tVAR tLEFTBRACKET params tRIGHTBRACKET
   51     | tPRINTF tLEFTBRACKET params tRIGHTBRACKET

   52 expression_if: startIF body_if tELSE body_if
   53              | startIF body_if

   54 startIF: tIF tLEFTBRACKET expression_condition tRIGHTBRACKET

   55 body_if: tLEFTBRACE expressions tRIGHTBRACE
   56        | expression tSEMI
   57        | expression_if


Terminals, with rules where they appear

$end (0) 0
error (256)
tMAIN (258) 14
tPRINTF (259) 51
tLEFTBRACE (260) 25 55
tRIGHTBRACE (261) 25 55
tINT (262) 11
tFLOAT (263)
tCONST (264)
tTYPE (265) 4 14
tADD (266) 43
tMIN (267) 44
tMUL (268) 46
tDIV (269) 45
tEQ (270) 6 29 36 37
tLEFTBRACKET (271) 13 14 15 33 47 50 51 54
tRIGHTBRACKET (272) 13 14 15 33 47 50 51 54
tSEMI (273) 15 26 56
tCOMMA (274) 9 21 23 24
tVAR (275) 4 10 18 23 29 49 50
tRETURN (276)
tLESS (277) 37 39
tGREATER (278) 36 38
tNOT (279) 35
tIF (280) 54
tELSE (281) 52
tAND (282) 41
tOR (283) 42
t2EQ (284) 34
tNOTEQ (285) 40
tIFX (286)


Nonterminals, with rules where they appear

$accept (32)
    on left: 0
S (33)
    on left: 1 2 3, on right: 0 2 3
declaration (34)
    on left: 4, on right: 7 13 15 17 21
afcInDec (35)
    on left: 5 6, on right: 7 9
declarationVar (36)
    on left: 7, on right: 2 30
var (37)
    on left: 8 9, on right: 7 9
newVar (38)
    on left: 10, on right: 9
value (39)
    on left: 11 12, on right: 19 24 48
declarationFun (40)
    on left: 13 14 15, on right: 3
params (41)
    on left: 16 17 18 19, on right: 13 14 15 50 51
suiteparamsdecla (42)
    on left: 20 21, on right: 17 21
suiteparams (43)
    on left: 22 23 24, on right: 18 19 23 24
body (44)
    on left: 25, on right: 13 14
expressions (45)
    on left: 26 27 28, on right: 25 26 27 55
expression (46)
    on left: 29 30 31, on right: 26 56
expression_condition (47)
    on left: 32 33 34 35 36 37 38 39 40 41 42, on right: 33 35 41 42
    54
expression_alg (48)
    on left: 43 44 45 46 47 48 49, on right: 6 29 32 34 36 37 38 39
    40 43 44 45 46 47
call (49)
    on left: 50 51, on right: 12 31
expression_if (50)
    on left: 52 53, on right: 27 57
startIF (51)
    on left: 54, on right: 52 53
body_if (52)
    on left: 55 56 57, on right: 52 53


State 0

    0 $accept: . S $end

    tTYPE  shift, and go to state 1

    $default  reduce using rule 1 (S)

    S               go to state 2
    declaration     go to state 3
    declarationVar  go to state 4
    declarationFun  go to state 5


State 1

    4 declaration: tTYPE . tVAR
   14 declarationFun: tTYPE . tMAIN tLEFTBRACKET params tRIGHTBRACKET body

    tMAIN  shift, and go to state 6
    tVAR   shift, and go to state 7


State 2

    0 $accept: S . $end

    $end  shift, and go to state 8


State 3

    7 declarationVar: declaration . afcInDec var
   13 declarationFun: declaration . tLEFTBRACKET params tRIGHTBRACKET body
   15               | declaration . tLEFTBRACKET params tRIGHTBRACKET tSEMI

    tEQ           shift, and go to state 9
    tLEFTBRACKET  shift, and go to state 10

    $default  reduce using rule 5 (afcInDec)

    afcInDec  go to state 11


State 4

    2 S: declarationVar . S

    tTYPE  shift, and go to state 1

    $default  reduce using rule 1 (S)

    S               go to state 12
    declaration     go to state 3
    declarationVar  go to state 4
    declarationFun  go to state 5


State 5

    3 S: declarationFun . S

    tTYPE  shift, and go to state 1

    $default  reduce using rule 1 (S)

    S               go to state 13
    declaration     go to state 3
    declarationVar  go to state 4
    declarationFun  go to state 5


State 6

   14 declarationFun: tTYPE tMAIN . tLEFTBRACKET params tRIGHTBRACKET body

    tLEFTBRACKET  shift, and go to state 14


State 7

    4 declaration: tTYPE tVAR .

    $default  reduce using rule 4 (declaration)


State 8

    0 $accept: S $end .

    $default  accept


State 9

    6 afcInDec: tEQ . expression_alg

    tPRINTF       shift, and go to state 15
    tINT          shift, and go to state 16
    tLEFTBRACKET  shift, and go to state 17
    tVAR          shift, and go to state 18

    value           go to state 19
    expression_alg  go to state 20
    call            go to state 21


State 10

   13 declarationFun: declaration tLEFTBRACKET . params tRIGHTBRACKET body
   15               | declaration tLEFTBRACKET . params tRIGHTBRACKET tSEMI

    tPRINTF  shift, and go to state 15
    tINT     shift, and go to state 16
    tTYPE    shift, and go to state 22
    tVAR     shift, and go to state 23

    $default  reduce using rule 16 (params)

    declaration  go to state 24
    value        go to state 25
    params       go to state 26
    call         go to state 21


State 11

    7 declarationVar: declaration afcInDec . var

    tCOMMA  shift, and go to state 27

    $default  reduce using rule 8 (var)

    var  go to state 28


State 12

    2 S: declarationVar S .

    $default  reduce using rule 2 (S)


State 13

    3 S: declarationFun S .

    $default  reduce using rule 3 (S)


State 14

   14 declarationFun: tTYPE tMAIN tLEFTBRACKET . params tRIGHTBRACKET body

    tPRINTF  shift, and go to state 15
    tINT     shift, and go to state 16
    tTYPE    shift, and go to state 22
    tVAR     shift, and go to state 23

    $default  reduce using rule 16 (params)

    declaration  go to state 24
    value        go to state 25
    params       go to state 29
    call         go to state 21


State 15

   51 call: tPRINTF . tLEFTBRACKET params tRIGHTBRACKET

    tLEFTBRACKET  shift, and go to state 30


State 16

   11 value: tINT .

    $default  reduce using rule 11 (value)


State 17

   47 expression_alg: tLEFTBRACKET . expression_alg tRIGHTBRACKET

    tPRINTF       shift, and go to state 15
    tINT          shift, and go to state 16
    tLEFTBRACKET  shift, and go to state 17
    tVAR          shift, and go to state 18

    value           go to state 19
    expression_alg  go to state 31
    call            go to state 21


State 18

   49 expression_alg: tVAR .
   50 call: tVAR . tLEFTBRACKET params tRIGHTBRACKET

    tLEFTBRACKET  shift, and go to state 32

    $default  reduce using rule 49 (expression_alg)


State 19

   48 expression_alg: value .

    $default  reduce using rule 48 (expression_alg)


State 20

    6 afcInDec: tEQ expression_alg .
   43 expression_alg: expression_alg . tADD expression_alg
   44               | expression_alg . tMIN expression_alg
   45               | expression_alg . tDIV expression_alg
   46               | expression_alg . tMUL expression_alg

    tADD  shift, and go to state 33
    tMIN  shift, and go to state 34
    tMUL  shift, and go to state 35
    tDIV  shift, and go to state 36

    $default  reduce using rule 6 (afcInDec)


State 21

   12 value: call .

    $default  reduce using rule 12 (value)


State 22

    4 declaration: tTYPE . tVAR

    tVAR  shift, and go to state 7


State 23

   18 params: tVAR . suiteparams
   50 call: tVAR . tLEFTBRACKET params tRIGHTBRACKET

    tLEFTBRACKET  shift, and go to state 32
    tCOMMA        shift, and go to state 37

    $default  reduce using rule 22 (suiteparams)

    suiteparams  go to state 38


State 24

   17 params: declaration . suiteparamsdecla

    tTYPE  shift, and go to state 22

    $default  reduce using rule 20 (suiteparamsdecla)

    declaration       go to state 39
    suiteparamsdecla  go to state 40


State 25

   19 params: value . suiteparams

    tCOMMA  shift, and go to state 37

    $default  reduce using rule 22 (suiteparams)

    suiteparams  go to state 41


State 26

   13 declarationFun: declaration tLEFTBRACKET params . tRIGHTBRACKET body
   15               | declaration tLEFTBRACKET params . tRIGHTBRACKET tSEMI

    tRIGHTBRACKET  shift, and go to state 42


State 27

    9 var: tCOMMA . newVar afcInDec var

    tVAR  shift, and go to state 43

    newVar  go to state 44


State 28

    7 declarationVar: declaration afcInDec var .

    $default  reduce using rule 7 (declarationVar)


State 29

   14 declarationFun: tTYPE tMAIN tLEFTBRACKET params . tRIGHTBRACKET body

    tRIGHTBRACKET  shift, and go to state 45


State 30

   51 call: tPRINTF tLEFTBRACKET . params tRIGHTBRACKET

    tPRINTF  shift, and go to state 15
    tINT     shift, and go to state 16
    tTYPE    shift, and go to state 22
    tVAR     shift, and go to state 23

    $default  reduce using rule 16 (params)

    declaration  go to state 24
    value        go to state 25
    params       go to state 46
    call         go to state 21


State 31

   43 expression_alg: expression_alg . tADD expression_alg
   44               | expression_alg . tMIN expression_alg
   45               | expression_alg . tDIV expression_alg
   46               | expression_alg . tMUL expression_alg
   47               | tLEFTBRACKET expression_alg . tRIGHTBRACKET

    tADD           shift, and go to state 33
    tMIN           shift, and go to state 34
    tMUL           shift, and go to state 35
    tDIV           shift, and go to state 36
    tRIGHTBRACKET  shift, and go to state 47


State 32

   50 call: tVAR tLEFTBRACKET . params tRIGHTBRACKET

    tPRINTF  shift, and go to state 15
    tINT     shift, and go to state 16
    tTYPE    shift, and go to state 22
    tVAR     shift, and go to state 23

    $default  reduce using rule 16 (params)

    declaration  go to state 24
    value        go to state 25
    params       go to state 48
    call         go to state 21


State 33

   43 expression_alg: expression_alg tADD . expression_alg

    tPRINTF       shift, and go to state 15
    tINT          shift, and go to state 16
    tLEFTBRACKET  shift, and go to state 17
    tVAR          shift, and go to state 18

    value           go to state 19
    expression_alg  go to state 49
    call            go to state 21


State 34

   44 expression_alg: expression_alg tMIN . expression_alg

    tPRINTF       shift, and go to state 15
    tINT          shift, and go to state 16
    tLEFTBRACKET  shift, and go to state 17
    tVAR          shift, and go to state 18

    value           go to state 19
    expression_alg  go to state 50
    call            go to state 21


State 35

   46 expression_alg: expression_alg tMUL . expression_alg

    tPRINTF       shift, and go to state 15
    tINT          shift, and go to state 16
    tLEFTBRACKET  shift, and go to state 17
    tVAR          shift, and go to state 18

    value           go to state 19
    expression_alg  go to state 51
    call            go to state 21


State 36

   45 expression_alg: expression_alg tDIV . expression_alg

    tPRINTF       shift, and go to state 15
    tINT          shift, and go to state 16
    tLEFTBRACKET  shift, and go to state 17
    tVAR          shift, and go to state 18

    value           go to state 19
    expression_alg  go to state 52
    call            go to state 21


State 37

   23 suiteparams: tCOMMA . tVAR suiteparams
   24            | tCOMMA . value suiteparams

    tPRINTF  shift, and go to state 15
    tINT     shift, and go to state 16
    tVAR     shift, and go to state 53

    value  go to state 54
    call   go to state 21


State 38

   18 params: tVAR suiteparams .

    $default  reduce using rule 18 (params)


State 39

   21 suiteparamsdecla: declaration . tCOMMA suiteparamsdecla

    tCOMMA  shift, and go to state 55


State 40

   17 params: declaration suiteparamsdecla .

    $default  reduce using rule 17 (params)


State 41

   19 params: value suiteparams .

    $default  reduce using rule 19 (params)


State 42

   13 declarationFun: declaration tLEFTBRACKET params tRIGHTBRACKET . body
   15               | declaration tLEFTBRACKET params tRIGHTBRACKET . tSEMI

    tLEFTBRACE  shift, and go to state 56
    tSEMI       shift, and go to state 57

    body  go to state 58


State 43

   10 newVar: tVAR .

    $default  reduce using rule 10 (newVar)


State 44

    9 var: tCOMMA newVar . afcInDec var

    tEQ  shift, and go to state 9

    $default  reduce using rule 5 (afcInDec)

    afcInDec  go to state 59


State 45

   14 declarationFun: tTYPE tMAIN tLEFTBRACKET params tRIGHTBRACKET . body

    tLEFTBRACE  shift, and go to state 56

    body  go to state 60


State 46

   51 call: tPRINTF tLEFTBRACKET params . tRIGHTBRACKET

    tRIGHTBRACKET  shift, and go to state 61


State 47

   47 expression_alg: tLEFTBRACKET expression_alg tRIGHTBRACKET .

    $default  reduce using rule 47 (expression_alg)


State 48

   50 call: tVAR tLEFTBRACKET params . tRIGHTBRACKET

    tRIGHTBRACKET  shift, and go to state 62


State 49

   43 expression_alg: expression_alg . tADD expression_alg
   43               | expression_alg tADD expression_alg .
   44               | expression_alg . tMIN expression_alg
   45               | expression_alg . tDIV expression_alg
   46               | expression_alg . tMUL expression_alg

    tMUL  shift, and go to state 35
    tDIV  shift, and go to state 36

    $default  reduce using rule 43 (expression_alg)


State 50

   43 expression_alg: expression_alg . tADD expression_alg
   44               | expression_alg . tMIN expression_alg
   44               | expression_alg tMIN expression_alg .
   45               | expression_alg . tDIV expression_alg
   46               | expression_alg . tMUL expression_alg

    tMUL  shift, and go to state 35
    tDIV  shift, and go to state 36

    $default  reduce using rule 44 (expression_alg)


State 51

   43 expression_alg: expression_alg . tADD expression_alg
   44               | expression_alg . tMIN expression_alg
   45               | expression_alg . tDIV expression_alg
   46               | expression_alg . tMUL expression_alg
   46               | expression_alg tMUL expression_alg .

    $default  reduce using rule 46 (expression_alg)


State 52

   43 expression_alg: expression_alg . tADD expression_alg
   44               | expression_alg . tMIN expression_alg
   45               | expression_alg . tDIV expression_alg
   45               | expression_alg tDIV expression_alg .
   46               | expression_alg . tMUL expression_alg

    $default  reduce using rule 45 (expression_alg)


State 53

   23 suiteparams: tCOMMA tVAR . suiteparams
   50 call: tVAR . tLEFTBRACKET params tRIGHTBRACKET

    tLEFTBRACKET  shift, and go to state 32
    tCOMMA        shift, and go to state 37

    $default  reduce using rule 22 (suiteparams)

    suiteparams  go to state 63


State 54

   24 suiteparams: tCOMMA value . suiteparams

    tCOMMA  shift, and go to state 37

    $default  reduce using rule 22 (suiteparams)

    suiteparams  go to state 64


State 55

   21 suiteparamsdecla: declaration tCOMMA . suiteparamsdecla

    tTYPE  shift, and go to state 22

    $default  reduce using rule 20 (suiteparamsdecla)

    declaration       go to state 39
    suiteparamsdecla  go to state 65


State 56

   25 body: tLEFTBRACE . expressions tRIGHTBRACE

    tPRINTF  shift, and go to state 15
    tTYPE    shift, and go to state 22
    tVAR     shift, and go to state 66
    tIF      shift, and go to state 67

    $default  reduce using rule 28 (expressions)

    declaration     go to state 68
    declarationVar  go to state 69
    expressions     go to state 70
    expression      go to state 71
    call            go to state 72
    expression_if   go to state 73
    startIF         go to state 74


State 57

   15 declarationFun: declaration tLEFTBRACKET params tRIGHTBRACKET tSEMI .

    $default  reduce using rule 15 (declarationFun)


State 58

   13 declarationFun: declaration tLEFTBRACKET params tRIGHTBRACKET body .

    $default  reduce using rule 13 (declarationFun)


State 59

    9 var: tCOMMA newVar afcInDec . var

    tCOMMA  shift, and go to state 27

    $default  reduce using rule 8 (var)

    var  go to state 75


State 60

   14 declarationFun: tTYPE tMAIN tLEFTBRACKET params tRIGHTBRACKET body .

    $default  reduce using rule 14 (declarationFun)


State 61

   51 call: tPRINTF tLEFTBRACKET params tRIGHTBRACKET .

    $default  reduce using rule 51 (call)


State 62

   50 call: tVAR tLEFTBRACKET params tRIGHTBRACKET .

    $default  reduce using rule 50 (call)


State 63

   23 suiteparams: tCOMMA tVAR suiteparams .

    $default  reduce using rule 23 (suiteparams)


State 64

   24 suiteparams: tCOMMA value suiteparams .

    $default  reduce using rule 24 (suiteparams)


State 65

   21 suiteparamsdecla: declaration tCOMMA suiteparamsdecla .

    $default  reduce using rule 21 (suiteparamsdecla)


State 66

   29 expression: tVAR . tEQ expression_alg
   50 call: tVAR . tLEFTBRACKET params tRIGHTBRACKET

    tEQ           shift, and go to state 76
    tLEFTBRACKET  shift, and go to state 32


State 67

   54 startIF: tIF . tLEFTBRACKET expression_condition tRIGHTBRACKET

    tLEFTBRACKET  shift, and go to state 77


State 68

    7 declarationVar: declaration . afcInDec var

    tEQ  shift, and go to state 9

    $default  reduce using rule 5 (afcInDec)

    afcInDec  go to state 11


State 69

   30 expression: declarationVar .

    $default  reduce using rule 30 (expression)


State 70

   25 body: tLEFTBRACE expressions . tRIGHTBRACE

    tRIGHTBRACE  shift, and go to state 78


State 71

   26 expressions: expression . tSEMI expressions

    tSEMI  shift, and go to state 79


State 72

   31 expression: call .

    $default  reduce using rule 31 (expression)


State 73

   27 expressions: expression_if . expressions

    tPRINTF  shift, and go to state 15
    tTYPE    shift, and go to state 22
    tVAR     shift, and go to state 66
    tIF      shift, and go to state 67

    $default  reduce using rule 28 (expressions)

    declaration     go to state 68
    declarationVar  go to state 69
    expressions     go to state 80
    expression      go to state 71
    call            go to state 72
    expression_if   go to state 73
    startIF         go to state 74


State 74

   52 expression_if: startIF . body_if tELSE body_if
   53              | startIF . body_if

    tPRINTF     shift, and go to state 15
    tLEFTBRACE  shift, and go to state 81
    tTYPE       shift, and go to state 22
    tVAR        shift, and go to state 66
    tIF         shift, and go to state 67

    declaration     go to state 68
    declarationVar  go to state 69
    expression      go to state 82
    call            go to state 72
    expression_if   go to state 83
    startIF         go to state 74
    body_if         go to state 84


State 75

    9 var: tCOMMA newVar afcInDec var .

    $default  reduce using rule 9 (var)


State 76

   29 expression: tVAR tEQ . expression_alg

    tPRINTF       shift, and go to state 15
    tINT          shift, and go to state 16
    tLEFTBRACKET  shift, and go to state 17
    tVAR          shift, and go to state 18

    value           go to state 19
    expression_alg  go to state 85
    call            go to state 21


State 77

   54 startIF: tIF tLEFTBRACKET . expression_condition tRIGHTBRACKET

    tPRINTF       shift, and go to state 15
    tINT          shift, and go to state 16
    tLEFTBRACKET  shift, and go to state 86
    tVAR          shift, and go to state 18
    tNOT          shift, and go to state 87

    value                 go to state 19
    expression_condition  go to state 88
    expression_alg        go to state 89
    call                  go to state 21


State 78

   25 body: tLEFTBRACE expressions tRIGHTBRACE .

    $default  reduce using rule 25 (body)


State 79

   26 expressions: expression tSEMI . expressions

    tPRINTF  shift, and go to state 15
    tTYPE    shift, and go to state 22
    tVAR     shift, and go to state 66
    tIF      shift, and go to state 67

    $default  reduce using rule 28 (expressions)

    declaration     go to state 68
    declarationVar  go to state 69
    expressions     go to state 90
    expression      go to state 71
    call            go to state 72
    expression_if   go to state 73
    startIF         go to state 74


State 80

   27 expressions: expression_if expressions .

    $default  reduce using rule 27 (expressions)


State 81

   55 body_if: tLEFTBRACE . expressions tRIGHTBRACE

    tPRINTF  shift, and go to state 15
    tTYPE    shift, and go to state 22
    tVAR     shift, and go to state 66
    tIF      shift, and go to state 67

    $default  reduce using rule 28 (expressions)

    declaration     go to state 68
    declarationVar  go to state 69
    expressions     go to state 91
    expression      go to state 71
    call            go to state 72
    expression_if   go to state 73
    startIF         go to state 74


State 82

   56 body_if: expression . tSEMI

    tSEMI  shift, and go to state 92


State 83

   57 body_if: expression_if .

    $default  reduce using rule 57 (body_if)


State 84

   52 expression_if: startIF body_if . tELSE body_if
   53              | startIF body_if .

    tELSE  shift, and go to state 93

    $default  reduce using rule 53 (expression_if)


State 85

   29 expression: tVAR tEQ expression_alg .
   43 expression_alg: expression_alg . tADD expression_alg
   44               | expression_alg . tMIN expression_alg
   45               | expression_alg . tDIV expression_alg
   46               | expression_alg . tMUL expression_alg

    tADD  shift, and go to state 33
    tMIN  shift, and go to state 34
    tMUL  shift, and go to state 35
    tDIV  shift, and go to state 36

    $default  reduce using rule 29 (expression)


State 86

   33 expression_condition: tLEFTBRACKET . expression_condition tRIGHTBRACKET
   47 expression_alg: tLEFTBRACKET . expression_alg tRIGHTBRACKET

    tPRINTF       shift, and go to state 15
    tINT          shift, and go to state 16
    tLEFTBRACKET  shift, and go to state 86
    tVAR          shift, and go to state 18
    tNOT          shift, and go to state 87

    value                 go to state 19
    expression_condition  go to state 94
    expression_alg        go to state 95
    call                  go to state 21


State 87

   35 expression_condition: tNOT . expression_condition

    tPRINTF       shift, and go to state 15
    tINT          shift, and go to state 16
    tLEFTBRACKET  shift, and go to state 86
    tVAR          shift, and go to state 18
    tNOT          shift, and go to state 87

    value                 go to state 19
    expression_condition  go to state 96
    expression_alg        go to state 89
    call                  go to state 21


State 88

   41 expression_condition: expression_condition . tAND expression_condition
   42                     | expression_condition . tOR expression_condition
   54 startIF: tIF tLEFTBRACKET expression_condition . tRIGHTBRACKET

    tRIGHTBRACKET  shift, and go to state 97
    tAND           shift, and go to state 98
    tOR            shift, and go to state 99


State 89

   32 expression_condition: expression_alg .
   34                     | expression_alg . t2EQ expression_alg
   36                     | expression_alg . tGREATER tEQ expression_alg
   37                     | expression_alg . tLESS tEQ expression_alg
   38                     | expression_alg . tGREATER expression_alg
   39                     | expression_alg . tLESS expression_alg
   40                     | expression_alg . tNOTEQ expression_alg
   43 expression_alg: expression_alg . tADD expression_alg
   44               | expression_alg . tMIN expression_alg
   45               | expression_alg . tDIV expression_alg
   46               | expression_alg . tMUL expression_alg

    tADD      shift, and go to state 33
    tMIN      shift, and go to state 34
    tMUL      shift, and go to state 35
    tDIV      shift, and go to state 36
    tLESS     shift, and go to state 100
    tGREATER  shift, and go to state 101
    t2EQ      shift, and go to state 102
    tNOTEQ    shift, and go to state 103

    $default  reduce using rule 32 (expression_condition)


State 90

   26 expressions: expression tSEMI expressions .

    $default  reduce using rule 26 (expressions)


State 91

   55 body_if: tLEFTBRACE expressions . tRIGHTBRACE

    tRIGHTBRACE  shift, and go to state 104


State 92

   56 body_if: expression tSEMI .

    $default  reduce using rule 56 (body_if)


State 93

   52 expression_if: startIF body_if tELSE . body_if

    tPRINTF     shift, and go to state 15
    tLEFTBRACE  shift, and go to state 81
    tTYPE       shift, and go to state 22
    tVAR        shift, and go to state 66
    tIF         shift, and go to state 67

    declaration     go to state 68
    declarationVar  go to state 69
    expression      go to state 82
    call            go to state 72
    expression_if   go to state 83
    startIF         go to state 74
    body_if         go to state 105


State 94

   33 expression_condition: tLEFTBRACKET expression_condition . tRIGHTBRACKET
   41                     | expression_condition . tAND expression_condition
   42                     | expression_condition . tOR expression_condition

    tRIGHTBRACKET  shift, and go to state 106
    tAND           shift, and go to state 98
    tOR            shift, and go to state 99


State 95

   32 expression_condition: expression_alg .
   34                     | expression_alg . t2EQ expression_alg
   36                     | expression_alg . tGREATER tEQ expression_alg
   37                     | expression_alg . tLESS tEQ expression_alg
   38                     | expression_alg . tGREATER expression_alg
   39                     | expression_alg . tLESS expression_alg
   40                     | expression_alg . tNOTEQ expression_alg
   43 expression_alg: expression_alg . tADD expression_alg
   44               | expression_alg . tMIN expression_alg
   45               | expression_alg . tDIV expression_alg
   46               | expression_alg . tMUL expression_alg
   47               | tLEFTBRACKET expression_alg . tRIGHTBRACKET

    tADD           shift, and go to state 33
    tMIN           shift, and go to state 34
    tMUL           shift, and go to state 35
    tDIV           shift, and go to state 36
    tRIGHTBRACKET  shift, and go to state 47
    tLESS          shift, and go to state 100
    tGREATER       shift, and go to state 101
    t2EQ           shift, and go to state 102
    tNOTEQ         shift, and go to state 103

    tRIGHTBRACKET  [reduce using rule 32 (expression_condition)]
    $default       reduce using rule 32 (expression_condition)


State 96

   35 expression_condition: tNOT expression_condition .
   41                     | expression_condition . tAND expression_condition
   42                     | expression_condition . tOR expression_condition

    $default  reduce using rule 35 (expression_condition)


State 97

   54 startIF: tIF tLEFTBRACKET expression_condition tRIGHTBRACKET .

    $default  reduce using rule 54 (startIF)


State 98

   41 expression_condition: expression_condition tAND . expression_condition

    tPRINTF       shift, and go to state 15
    tINT          shift, and go to state 16
    tLEFTBRACKET  shift, and go to state 86
    tVAR          shift, and go to state 18
    tNOT          shift, and go to state 87

    value                 go to state 19
    expression_condition  go to state 107
    expression_alg        go to state 89
    call                  go to state 21


State 99

   42 expression_condition: expression_condition tOR . expression_condition

    tPRINTF       shift, and go to state 15
    tINT          shift, and go to state 16
    tLEFTBRACKET  shift, and go to state 86
    tVAR          shift, and go to state 18
    tNOT          shift, and go to state 87

    value                 go to state 19
    expression_condition  go to state 108
    expression_alg        go to state 89
    call                  go to state 21


State 100

   37 expression_condition: expression_alg tLESS . tEQ expression_alg
   39                     | expression_alg tLESS . expression_alg

    tPRINTF       shift, and go to state 15
    tINT          shift, and go to state 16
    tEQ           shift, and go to state 109
    tLEFTBRACKET  shift, and go to state 17
    tVAR          shift, and go to state 18

    value           go to state 19
    expression_alg  go to state 110
    call            go to state 21


State 101

   36 expression_condition: expression_alg tGREATER . tEQ expression_alg
   38                     | expression_alg tGREATER . expression_alg

    tPRINTF       shift, and go to state 15
    tINT          shift, and go to state 16
    tEQ           shift, and go to state 111
    tLEFTBRACKET  shift, and go to state 17
    tVAR          shift, and go to state 18

    value           go to state 19
    expression_alg  go to state 112
    call            go to state 21


State 102

   34 expression_condition: expression_alg t2EQ . expression_alg

    tPRINTF       shift, and go to state 15
    tINT          shift, and go to state 16
    tLEFTBRACKET  shift, and go to state 17
    tVAR          shift, and go to state 18

    value           go to state 19
    expression_alg  go to state 113
    call            go to state 21


State 103

   40 expression_condition: expression_alg tNOTEQ . expression_alg

    tPRINTF       shift, and go to state 15
    tINT          shift, and go to state 16
    tLEFTBRACKET  shift, and go to state 17
    tVAR          shift, and go to state 18

    value           go to state 19
    expression_alg  go to state 114
    call            go to state 21


State 104

   55 body_if: tLEFTBRACE expressions tRIGHTBRACE .

    $default  reduce using rule 55 (body_if)


State 105

   52 expression_if: startIF body_if tELSE body_if .

    $default  reduce using rule 52 (expression_if)


State 106

   33 expression_condition: tLEFTBRACKET expression_condition tRIGHTBRACKET .

    $default  reduce using rule 33 (expression_condition)


State 107

   41 expression_condition: expression_condition . tAND expression_condition
   41                     | expression_condition tAND expression_condition .
   42                     | expression_condition . tOR expression_condition

    $default  reduce using rule 41 (expression_condition)


State 108

   41 expression_condition: expression_condition . tAND expression_condition
   42                     | expression_condition . tOR expression_condition
   42                     | expression_condition tOR expression_condition .

    tAND  shift, and go to state 98

    $default  reduce using rule 42 (expression_condition)


State 109

   37 expression_condition: expression_alg tLESS tEQ . expression_alg

    tPRINTF       shift, and go to state 15
    tINT          shift, and go to state 16
    tLEFTBRACKET  shift, and go to state 17
    tVAR          shift, and go to state 18

    value           go to state 19
    expression_alg  go to state 115
    call            go to state 21


State 110

   39 expression_condition: expression_alg tLESS expression_alg .
   43 expression_alg: expression_alg . tADD expression_alg
   44               | expression_alg . tMIN expression_alg
   45               | expression_alg . tDIV expression_alg
   46               | expression_alg . tMUL expression_alg

    tADD  shift, and go to state 33
    tMIN  shift, and go to state 34
    tMUL  shift, and go to state 35
    tDIV  shift, and go to state 36

    $default  reduce using rule 39 (expression_condition)


State 111

   36 expression_condition: expression_alg tGREATER tEQ . expression_alg

    tPRINTF       shift, and go to state 15
    tINT          shift, and go to state 16
    tLEFTBRACKET  shift, and go to state 17
    tVAR          shift, and go to state 18

    value           go to state 19
    expression_alg  go to state 116
    call            go to state 21


State 112

   38 expression_condition: expression_alg tGREATER expression_alg .
   43 expression_alg: expression_alg . tADD expression_alg
   44               | expression_alg . tMIN expression_alg
   45               | expression_alg . tDIV expression_alg
   46               | expression_alg . tMUL expression_alg

    tADD  shift, and go to state 33
    tMIN  shift, and go to state 34
    tMUL  shift, and go to state 35
    tDIV  shift, and go to state 36

    $default  reduce using rule 38 (expression_condition)


State 113

   34 expression_condition: expression_alg t2EQ expression_alg .
   43 expression_alg: expression_alg . tADD expression_alg
   44               | expression_alg . tMIN expression_alg
   45               | expression_alg . tDIV expression_alg
   46               | expression_alg . tMUL expression_alg

    tADD  shift, and go to state 33
    tMIN  shift, and go to state 34
    tMUL  shift, and go to state 35
    tDIV  shift, and go to state 36

    $default  reduce using rule 34 (expression_condition)


State 114

   40 expression_condition: expression_alg tNOTEQ expression_alg .
   43 expression_alg: expression_alg . tADD expression_alg
   44               | expression_alg . tMIN expression_alg
   45               | expression_alg . tDIV expression_alg
   46               | expression_alg . tMUL expression_alg

    tADD  shift, and go to state 33
    tMIN  shift, and go to state 34
    tMUL  shift, and go to state 35
    tDIV  shift, and go to state 36

    $default  reduce using rule 40 (expression_condition)


State 115

   37 expression_condition: expression_alg tLESS tEQ expression_alg .
   43 expression_alg: expression_alg . tADD expression_alg
   44               | expression_alg . tMIN expression_alg
   45               | expression_alg . tDIV expression_alg
   46               | expression_alg . tMUL expression_alg

    tADD  shift, and go to state 33
    tMIN  shift, and go to state 34
    tMUL  shift, and go to state 35
    tDIV  shift, and go to state 36

    $default  reduce using rule 37 (expression_condition)


State 116

   36 expression_condition: expression_alg tGREATER tEQ expression_alg .
   43 expression_alg: expression_alg . tADD expression_alg
   44               | expression_alg . tMIN expression_alg
   45               | expression_alg . tDIV expression_alg
   46               | expression_alg . tMUL expression_alg

    tADD  shift, and go to state 33
    tMIN  shift, and go to state 34
    tMUL  shift, and go to state 35
    tDIV  shift, and go to state 36

    $default  reduce using rule 36 (expression_condition)
