Grammaire

    0 $accept: S $end

    1 S: %empty
    2  | operation S

    3 operation: tADD tPARAM tPARAM tPARAM
    4          | tMUL tPARAM tPARAM tPARAM
    5          | tSOU tPARAM tPARAM tPARAM
    6          | tDIV tPARAM tPARAM tPARAM
    7          | tCOP tPARAM tPARAM
    8          | tAFC tPARAM tPARAM
    9          | tLOAD tPARAM tPARAM
   10          | tSTORE tPARAM tPARAM
   11          | tEQU tPARAM tPARAM tPARAM
   12          | tINF tPARAM tPARAM tPARAM
   13          | tINFE tPARAM tPARAM tPARAM
   14          | tSUP tPARAM tPARAM tPARAM
   15          | tSUPE tPARAM tPARAM tPARAM
   16          | tJMP tPARAM
   17          | tJMPC tPARAM tPARAM
   18          | tPRINTF tPARAM


Terminaux, suivis des règles où ils apparaissent

$end (0) 0
error (256)
tADD (258) 3
tMUL (259) 4
tSOU (260) 5
tDIV (261) 6
tCOP (262) 7
tAFC (263) 8
tLOAD (264) 9
tSTORE (265) 10
tEQU (266) 11
tINF (267) 12
tINFE (268) 13
tSUP (269) 14
tSUPE (270) 15
tJMP (271) 16
tJMPC (272) 17
tPARAM (273) 3 4 5 6 7 8 9 10 11 12 13 14 15 16 17 18
tPRINTF (274) 18


Non-terminaux, suivis des règles où ils apparaissent

$accept (20)
    à gauche: 0
S (21)
    à gauche: 1 2, à droite: 0 2
operation (22)
    à gauche: 3 4 5 6 7 8 9 10 11 12 13 14 15 16 17 18, à droite:
    2


État 0

    0 $accept: . S $end

    tADD     décalage et aller à l'état 1
    tMUL     décalage et aller à l'état 2
    tSOU     décalage et aller à l'état 3
    tDIV     décalage et aller à l'état 4
    tCOP     décalage et aller à l'état 5
    tAFC     décalage et aller à l'état 6
    tLOAD    décalage et aller à l'état 7
    tSTORE   décalage et aller à l'état 8
    tEQU     décalage et aller à l'état 9
    tINF     décalage et aller à l'état 10
    tINFE    décalage et aller à l'état 11
    tSUP     décalage et aller à l'état 12
    tSUPE    décalage et aller à l'état 13
    tJMP     décalage et aller à l'état 14
    tJMPC    décalage et aller à l'état 15
    tPRINTF  décalage et aller à l'état 16

    $défaut  réduction par utilisation de la règle 1 (S)

    S          aller à l'état 17
    operation  aller à l'état 18


État 1

    3 operation: tADD . tPARAM tPARAM tPARAM

    tPARAM  décalage et aller à l'état 19


État 2

    4 operation: tMUL . tPARAM tPARAM tPARAM

    tPARAM  décalage et aller à l'état 20


État 3

    5 operation: tSOU . tPARAM tPARAM tPARAM

    tPARAM  décalage et aller à l'état 21


État 4

    6 operation: tDIV . tPARAM tPARAM tPARAM

    tPARAM  décalage et aller à l'état 22


État 5

    7 operation: tCOP . tPARAM tPARAM

    tPARAM  décalage et aller à l'état 23


État 6

    8 operation: tAFC . tPARAM tPARAM

    tPARAM  décalage et aller à l'état 24


État 7

    9 operation: tLOAD . tPARAM tPARAM

    tPARAM  décalage et aller à l'état 25


État 8

   10 operation: tSTORE . tPARAM tPARAM

    tPARAM  décalage et aller à l'état 26


État 9

   11 operation: tEQU . tPARAM tPARAM tPARAM

    tPARAM  décalage et aller à l'état 27


État 10

   12 operation: tINF . tPARAM tPARAM tPARAM

    tPARAM  décalage et aller à l'état 28


État 11

   13 operation: tINFE . tPARAM tPARAM tPARAM

    tPARAM  décalage et aller à l'état 29


État 12

   14 operation: tSUP . tPARAM tPARAM tPARAM

    tPARAM  décalage et aller à l'état 30


État 13

   15 operation: tSUPE . tPARAM tPARAM tPARAM

    tPARAM  décalage et aller à l'état 31


État 14

   16 operation: tJMP . tPARAM

    tPARAM  décalage et aller à l'état 32


État 15

   17 operation: tJMPC . tPARAM tPARAM

    tPARAM  décalage et aller à l'état 33


État 16

   18 operation: tPRINTF . tPARAM

    tPARAM  décalage et aller à l'état 34


État 17

    0 $accept: S . $end

    $end  décalage et aller à l'état 35


État 18

    2 S: operation . S

    tADD     décalage et aller à l'état 1
    tMUL     décalage et aller à l'état 2
    tSOU     décalage et aller à l'état 3
    tDIV     décalage et aller à l'état 4
    tCOP     décalage et aller à l'état 5
    tAFC     décalage et aller à l'état 6
    tLOAD    décalage et aller à l'état 7
    tSTORE   décalage et aller à l'état 8
    tEQU     décalage et aller à l'état 9
    tINF     décalage et aller à l'état 10
    tINFE    décalage et aller à l'état 11
    tSUP     décalage et aller à l'état 12
    tSUPE    décalage et aller à l'état 13
    tJMP     décalage et aller à l'état 14
    tJMPC    décalage et aller à l'état 15
    tPRINTF  décalage et aller à l'état 16

    $défaut  réduction par utilisation de la règle 1 (S)

    S          aller à l'état 36
    operation  aller à l'état 18


État 19

    3 operation: tADD tPARAM . tPARAM tPARAM

    tPARAM  décalage et aller à l'état 37


État 20

    4 operation: tMUL tPARAM . tPARAM tPARAM

    tPARAM  décalage et aller à l'état 38


État 21

    5 operation: tSOU tPARAM . tPARAM tPARAM

    tPARAM  décalage et aller à l'état 39


État 22

    6 operation: tDIV tPARAM . tPARAM tPARAM

    tPARAM  décalage et aller à l'état 40


État 23

    7 operation: tCOP tPARAM . tPARAM

    tPARAM  décalage et aller à l'état 41


État 24

    8 operation: tAFC tPARAM . tPARAM

    tPARAM  décalage et aller à l'état 42


État 25

    9 operation: tLOAD tPARAM . tPARAM

    tPARAM  décalage et aller à l'état 43


État 26

   10 operation: tSTORE tPARAM . tPARAM

    tPARAM  décalage et aller à l'état 44


État 27

   11 operation: tEQU tPARAM . tPARAM tPARAM

    tPARAM  décalage et aller à l'état 45


État 28

   12 operation: tINF tPARAM . tPARAM tPARAM

    tPARAM  décalage et aller à l'état 46


État 29

   13 operation: tINFE tPARAM . tPARAM tPARAM

    tPARAM  décalage et aller à l'état 47


État 30

   14 operation: tSUP tPARAM . tPARAM tPARAM

    tPARAM  décalage et aller à l'état 48


État 31

   15 operation: tSUPE tPARAM . tPARAM tPARAM

    tPARAM  décalage et aller à l'état 49


État 32

   16 operation: tJMP tPARAM .

    $défaut  réduction par utilisation de la règle 16 (operation)


État 33

   17 operation: tJMPC tPARAM . tPARAM

    tPARAM  décalage et aller à l'état 50


État 34

   18 operation: tPRINTF tPARAM .

    $défaut  réduction par utilisation de la règle 18 (operation)


État 35

    0 $accept: S $end .

    $défaut  accepter


État 36

    2 S: operation S .

    $défaut  réduction par utilisation de la règle 2 (S)


État 37

    3 operation: tADD tPARAM tPARAM . tPARAM

    tPARAM  décalage et aller à l'état 51


État 38

    4 operation: tMUL tPARAM tPARAM . tPARAM

    tPARAM  décalage et aller à l'état 52


État 39

    5 operation: tSOU tPARAM tPARAM . tPARAM

    tPARAM  décalage et aller à l'état 53


État 40

    6 operation: tDIV tPARAM tPARAM . tPARAM

    tPARAM  décalage et aller à l'état 54


État 41

    7 operation: tCOP tPARAM tPARAM .

    $défaut  réduction par utilisation de la règle 7 (operation)


État 42

    8 operation: tAFC tPARAM tPARAM .

    $défaut  réduction par utilisation de la règle 8 (operation)


État 43

    9 operation: tLOAD tPARAM tPARAM .

    $défaut  réduction par utilisation de la règle 9 (operation)


État 44

   10 operation: tSTORE tPARAM tPARAM .

    $défaut  réduction par utilisation de la règle 10 (operation)


État 45

   11 operation: tEQU tPARAM tPARAM . tPARAM

    tPARAM  décalage et aller à l'état 55


État 46

   12 operation: tINF tPARAM tPARAM . tPARAM

    tPARAM  décalage et aller à l'état 56


État 47

   13 operation: tINFE tPARAM tPARAM . tPARAM

    tPARAM  décalage et aller à l'état 57


État 48

   14 operation: tSUP tPARAM tPARAM . tPARAM

    tPARAM  décalage et aller à l'état 58


État 49

   15 operation: tSUPE tPARAM tPARAM . tPARAM

    tPARAM  décalage et aller à l'état 59


État 50

   17 operation: tJMPC tPARAM tPARAM .

    $défaut  réduction par utilisation de la règle 17 (operation)


État 51

    3 operation: tADD tPARAM tPARAM tPARAM .

    $défaut  réduction par utilisation de la règle 3 (operation)


État 52

    4 operation: tMUL tPARAM tPARAM tPARAM .

    $défaut  réduction par utilisation de la règle 4 (operation)


État 53

    5 operation: tSOU tPARAM tPARAM tPARAM .

    $défaut  réduction par utilisation de la règle 5 (operation)


État 54

    6 operation: tDIV tPARAM tPARAM tPARAM .

    $défaut  réduction par utilisation de la règle 6 (operation)


État 55

   11 operation: tEQU tPARAM tPARAM tPARAM .

    $défaut  réduction par utilisation de la règle 11 (operation)


État 56

   12 operation: tINF tPARAM tPARAM tPARAM .

    $défaut  réduction par utilisation de la règle 12 (operation)


État 57

   13 operation: tINFE tPARAM tPARAM tPARAM .

    $défaut  réduction par utilisation de la règle 13 (operation)


État 58

   14 operation: tSUP tPARAM tPARAM tPARAM .

    $défaut  réduction par utilisation de la règle 14 (operation)


État 59

   15 operation: tSUPE tPARAM tPARAM tPARAM .

    $défaut  réduction par utilisation de la règle 15 (operation)
