Running: /usr/local/insa/Xilinx.ISE/13.4/ISE_DS/ISE/bin/lin64/unwrapped/fuse -relaunch -intstyle "ise" -incremental -lib "secureip" -o "/home/hhu/Compilateur/tdArchi/td1/Compilateur/tdArchi/test1_isim_beh.exe" -prj "/home/hhu/Compilateur/tdArchi/td1/Compilateur/tdArchi/test1_beh.prj" "work.test1" 
ISim O.87xd (signature 0x8ddf5b5d)
Number of CPUs detected in this system: 4
Turning on mult-threading, number of parallel sub-compilation jobs: 8 
Determining compilation order of HDL files
Parsing VHDL file "/home/hhu/Compilateur/tdArchi/td1/Compilateur/tdArchi/../../module1.vhd" into library work
Parsing VHDL file "/home/hhu/Compilateur/tdArchi/td1/Compilateur/tdArchi/../../test1.vhd" into library work
Starting static elaboration
Completed static elaboration
Fuse Memory Usage: 95960 KB
Fuse CPU Usage: 830 ms
Compiling package standard
Compiling package std_logic_1164
Compiling package std_logic_arith
Compiling package std_logic_unsigned
Compiling architecture behavioral of entity module1 [module1_default]
Compiling architecture behavior of entity test1
Time Resolution for simulation is 1ps.
Waiting for 1 sub-compilation(s) to finish...
Compiled 7 VHDL Units
Built simulation executable /home/hhu/Compilateur/tdArchi/td1/Compilateur/tdArchi/test1_isim_beh.exe
Fuse Memory Usage: 668256 KB
Fuse CPU Usage: 900 ms
GCC CPU Usage: 110 ms
