--------------------------------------------------------------------------------
Release 13.4 Trace  (lin64)
Copyright (c) 1995-2011 Xilinx, Inc.  All rights reserved.

/usr/local/insa/Xilinx.ISE/13.4/ISE_DS/ISE/bin/lin64/unwrapped/trce -intstyle
ise -v 3 -s 3 -n 3 -fastpaths -xml module1.twx module1.ncd -o module1.twr
module1.pcf

Design file:              module1.ncd
Physical constraint file: module1.pcf
Device,package,speed:     xc6slx4,tqg144,C,-3 (PRODUCTION 1.21 2012-01-07)
Report level:             verbose report

Environment Variable      Effect 
--------------------      ------ 
NONE                      No environment variables were set
--------------------------------------------------------------------------------

INFO:Timing:2698 - No timing constraints found, doing default enumeration.
INFO:Timing:3412 - To improve timing, see the Timing Closure User Guide (UG612).
INFO:Timing:2752 - To get complete path coverage, use the unconstrained paths 
   option. All paths that are not constrained will be reported in the 
   unconstrained paths section(s) of the report.
INFO:Timing:3339 - The clock-to-out numbers in this timing report are based on 
   a 50 Ohm transmission line loading model.  For the details of this model, 
   and for more information on accounting for different loading conditions, 
   please see the device datasheet.



Data Sheet report:
-----------------
All values displayed in nanoseconds (ns)

Setup/Hold to clock CK
------------+------------+------------+------------+------------+------------------+--------+
            |Max Setup to|  Process   |Max Hold to |  Process   |                  | Clock  |
Source      | clk (edge) |   Corner   | clk (edge) |   Corner   |Internal Clock(s) | Phase  |
------------+------------+------------+------------+------------+------------------+--------+
Din<0>      |    1.247(R)|      SLOW  |   -0.002(R)|      SLOW  |CK_BUFGP          |   0.000|
Din<1>      |    1.068(R)|      SLOW  |    0.163(R)|      SLOW  |CK_BUFGP          |   0.000|
Din<2>      |    0.974(R)|      SLOW  |    0.120(R)|      SLOW  |CK_BUFGP          |   0.000|
Din<3>      |    0.997(R)|      SLOW  |    0.101(R)|      SLOW  |CK_BUFGP          |   0.000|
Din<4>      |    1.813(R)|      SLOW  |   -0.650(R)|      SLOW  |CK_BUFGP          |   0.000|
Din<5>      |    1.819(R)|      SLOW  |   -0.633(R)|      FAST  |CK_BUFGP          |   0.000|
Din<6>      |    1.945(R)|      SLOW  |   -0.837(R)|      FAST  |CK_BUFGP          |   0.000|
Din<7>      |    1.378(R)|      SLOW  |   -0.424(R)|      SLOW  |CK_BUFGP          |   0.000|
EN          |    2.517(R)|      SLOW  |   -0.401(R)|      SLOW  |CK_BUFGP          |   0.000|
LOAD        |    2.253(R)|      SLOW  |    0.176(R)|      SLOW  |CK_BUFGP          |   0.000|
RST         |    1.222(R)|      SLOW  |    0.362(R)|      SLOW  |CK_BUFGP          |   0.000|
SENS        |    2.434(R)|      SLOW  |    0.081(R)|      SLOW  |CK_BUFGP          |   0.000|
------------+------------+------------+------------+------------+------------------+--------+

Clock CK to Pad
------------+-----------------+------------+-----------------+------------+------------------+--------+
            |Max (slowest) clk|  Process   |Min (fastest) clk|  Process   |                  | Clock  |
Destination |  (edge) to PAD  |   Corner   |  (edge) to PAD  |   Corner   |Internal Clock(s) | Phase  |
------------+-----------------+------------+-----------------+------------+------------------+--------+
Dout<0>     |         7.401(R)|      SLOW  |         3.955(R)|      FAST  |CK_BUFGP          |   0.000|
Dout<1>     |         7.159(R)|      SLOW  |         3.818(R)|      FAST  |CK_BUFGP          |   0.000|
Dout<2>     |         7.356(R)|      SLOW  |         3.969(R)|      FAST  |CK_BUFGP          |   0.000|
Dout<3>     |         7.377(R)|      SLOW  |         3.998(R)|      FAST  |CK_BUFGP          |   0.000|
Dout<4>     |         7.237(R)|      SLOW  |         3.888(R)|      FAST  |CK_BUFGP          |   0.000|
Dout<5>     |         7.372(R)|      SLOW  |         3.880(R)|      FAST  |CK_BUFGP          |   0.000|
Dout<6>     |         7.292(R)|      SLOW  |         3.846(R)|      FAST  |CK_BUFGP          |   0.000|
Dout<7>     |         7.002(R)|      SLOW  |         3.684(R)|      FAST  |CK_BUFGP          |   0.000|
------------+-----------------+------------+-----------------+------------+------------------+--------+

Clock to Setup on destination clock CK
---------------+---------+---------+---------+---------+
               | Src:Rise| Src:Fall| Src:Rise| Src:Fall|
Source Clock   |Dest:Rise|Dest:Rise|Dest:Fall|Dest:Fall|
---------------+---------+---------+---------+---------+
CK             |    1.872|         |         |         |
---------------+---------+---------+---------+---------+


Analysis completed Fri Mar 30 16:44:21 2018 
--------------------------------------------------------------------------------

Trace Settings:
-------------------------
Trace Settings 

Peak Memory Usage: 375 MB



